<?xml version="1.0" encoding="UTF-8"?>
<testsuite name="Travel Reservation" tests="1" skipped="1" failures="0" errors="0" timestamp="2018-10-25T13:54:46" hostname="RC-PC" time="43.046">
  <properties/>
  <testcase name="Choose Trip" classname="Travel Reservation" time="43.046">
    <skipped/>
  </testcase>
  <system-out><![CDATA[]]></system-out>
  <system-err><![CDATA[oct 25, 2018 8:54:47 AM org.openqa.selenium.remote.DesiredCapabilities chrome
INFORMACIÓN: Using `new ChromeOptions()` is preferred to `DesiredCapabilities.chrome()`
[Test worker] WARN net.serenitybdd.core.buildinfo.PropertyBasedDriverCapabilityRecord - Failed to store browser configuration for Capabilities {acceptInsecureCerts: false, browserName: chrome, goog:chromeOptions: {args: [test-type, test-type], extensions: []}, platform: ANY, version: }
Starting ChromeDriver 2.42.591088 (7b2b2dca23cca0862f674758c9a3933e685c27d5) on port 19128
Only local connections are allowed.
oct 25, 2018 8:54:50 AM org.openqa.selenium.remote.ProtocolHandshake createSession
INFORMACIÓN: Detected dialect: OSS
[Darkroom Processing Line] WARN net.serenitybdd.core.photography.DarkroomProcessingLine - Failed to save screenshot
java.nio.file.AccessDeniedException: C:\Users\SBMEDADMIN\eclipse-workspace\AutomationChallenge\target\site\serenity
	at sun.nio.fs.WindowsException.translateToIOException(WindowsException.java:83)
	at sun.nio.fs.WindowsException.rethrowAsIOException(WindowsException.java:97)
	at sun.nio.fs.WindowsException.rethrowAsIOException(WindowsException.java:102)
	at sun.nio.fs.WindowsFileSystemProvider.createDirectory(WindowsFileSystemProvider.java:504)
	at java.nio.file.Files.createDirectory(Files.java:674)
	at java.nio.file.Files.createAndCheckIsDirectory(Files.java:781)
	at java.nio.file.Files.createDirectories(Files.java:767)
	at net.serenitybdd.core.photography.DarkroomProcessingLine.ensureParentDirectoryExistsFor(DarkroomProcessingLine.java:123)
	at net.serenitybdd.core.photography.DarkroomProcessingLine.saveProcessedScreenshot(DarkroomProcessingLine.java:112)
	at net.serenitybdd.core.photography.DarkroomProcessingLine.process(DarkroomProcessingLine.java:91)
	at net.serenitybdd.core.photography.DarkroomProcessingLine.processNegative(DarkroomProcessingLine.java:80)
	at net.serenitybdd.core.photography.DarkroomProcessingLine.run(DarkroomProcessingLine.java:58)
	at java.lang.Thread.run(Thread.java:748)
[Darkroom Processing Line] WARN net.serenitybdd.core.photography.DarkroomProcessingLine - Failed to save screenshot
java.nio.file.AccessDeniedException: C:\Users\SBMEDADMIN\eclipse-workspace\AutomationChallenge\target\site\serenity
	at sun.nio.fs.WindowsException.translateToIOException(WindowsException.java:83)
	at sun.nio.fs.WindowsException.rethrowAsIOException(WindowsException.java:97)
	at sun.nio.fs.WindowsException.rethrowAsIOException(WindowsException.java:102)
	at sun.nio.fs.WindowsFileSystemProvider.createDirectory(WindowsFileSystemProvider.java:504)
	at java.nio.file.Files.createDirectory(Files.java:674)
	at java.nio.file.Files.createAndCheckIsDirectory(Files.java:781)
	at java.nio.file.Files.createDirectories(Files.java:767)
	at net.serenitybdd.core.photography.DarkroomProcessingLine.ensureParentDirectoryExistsFor(DarkroomProcessingLine.java:123)
	at net.serenitybdd.core.photography.DarkroomProcessingLine.saveProcessedScreenshot(DarkroomProcessingLine.java:112)
	at net.serenitybdd.core.photography.DarkroomProcessingLine.process(DarkroomProcessingLine.java:91)
	at net.serenitybdd.core.photography.DarkroomProcessingLine.processNegative(DarkroomProcessingLine.java:80)
	at net.serenitybdd.core.photography.DarkroomProcessingLine.run(DarkroomProcessingLine.java:58)
	at java.lang.Thread.run(Thread.java:748)
[Darkroom Processing Line] WARN net.serenitybdd.core.photography.DarkroomProcessingLine - Failed to save screenshot
java.nio.file.AccessDeniedException: C:\Users\SBMEDADMIN\eclipse-workspace\AutomationChallenge\target\site\serenity
	at sun.nio.fs.WindowsException.translateToIOException(WindowsException.java:83)
	at sun.nio.fs.WindowsException.rethrowAsIOException(WindowsException.java:97)
	at sun.nio.fs.WindowsException.rethrowAsIOException(WindowsException.java:102)
	at sun.nio.fs.WindowsFileSystemProvider.createDirectory(WindowsFileSystemProvider.java:504)
	at java.nio.file.Files.createDirectory(Files.java:674)
	at java.nio.file.Files.createAndCheckIsDirectory(Files.java:781)
	at java.nio.file.Files.createDirectories(Files.java:767)
	at net.serenitybdd.core.photography.DarkroomProcessingLine.ensureParentDirectoryExistsFor(DarkroomProcessingLine.java:123)
	at net.serenitybdd.core.photography.DarkroomProcessingLine.saveProcessedScreenshot(DarkroomProcessingLine.java:112)
	at net.serenitybdd.core.photography.DarkroomProcessingLine.process(DarkroomProcessingLine.java:91)
	at net.serenitybdd.core.photography.DarkroomProcessingLine.processNegative(DarkroomProcessingLine.java:80)
	at net.serenitybdd.core.photography.DarkroomProcessingLine.run(DarkroomProcessingLine.java:58)
	at java.lang.Thread.run(Thread.java:748)
[Darkroom Processing Line] WARN net.serenitybdd.core.photography.DarkroomProcessingLine - Failed to save screenshot
java.nio.file.AccessDeniedException: C:\Users\SBMEDADMIN\eclipse-workspace\AutomationChallenge\target\site\serenity
	at sun.nio.fs.WindowsException.translateToIOException(WindowsException.java:83)
	at sun.nio.fs.WindowsException.rethrowAsIOException(WindowsException.java:97)
	at sun.nio.fs.WindowsException.rethrowAsIOException(WindowsException.java:102)
	at sun.nio.fs.WindowsFileSystemProvider.createDirectory(WindowsFileSystemProvider.java:504)
	at java.nio.file.Files.createDirectory(Files.java:674)
	at java.nio.file.Files.createAndCheckIsDirectory(Files.java:781)
	at java.nio.file.Files.createDirectories(Files.java:767)
	at net.serenitybdd.core.photography.DarkroomProcessingLine.ensureParentDirectoryExistsFor(DarkroomProcessingLine.java:123)
	at net.serenitybdd.core.photography.DarkroomProcessingLine.saveProcessedScreenshot(DarkroomProcessingLine.java:112)
	at net.serenitybdd.core.photography.DarkroomProcessingLine.process(DarkroomProcessingLine.java:91)
	at net.serenitybdd.core.photography.DarkroomProcessingLine.processNegative(DarkroomProcessingLine.java:80)
	at net.serenitybdd.core.photography.DarkroomProcessingLine.run(DarkroomProcessingLine.java:58)
	at java.lang.Thread.run(Thread.java:748)
[Darkroom Processing Line] WARN net.serenitybdd.core.photography.DarkroomProcessingLine - Failed to save screenshot
java.nio.file.AccessDeniedException: C:\Users\SBMEDADMIN\eclipse-workspace\AutomationChallenge\target\site\serenity
	at sun.nio.fs.WindowsException.translateToIOException(WindowsException.java:83)
	at sun.nio.fs.WindowsException.rethrowAsIOException(WindowsException.java:97)
	at sun.nio.fs.WindowsException.rethrowAsIOException(WindowsException.java:102)
	at sun.nio.fs.WindowsFileSystemProvider.createDirectory(WindowsFileSystemProvider.java:504)
	at java.nio.file.Files.createDirectory(Files.java:674)
	at java.nio.file.Files.createAndCheckIsDirectory(Files.java:781)
	at java.nio.file.Files.createDirectories(Files.java:767)
	at net.serenitybdd.core.photography.DarkroomProcessingLine.ensureParentDirectoryExistsFor(DarkroomProcessingLine.java:123)
	at net.serenitybdd.core.photography.DarkroomProcessingLine.saveProcessedScreenshot(DarkroomProcessingLine.java:112)
	at net.serenitybdd.core.photography.DarkroomProcessingLine.process(DarkroomProcessingLine.java:91)
	at net.serenitybdd.core.photography.DarkroomProcessingLine.processNegative(DarkroomProcessingLine.java:80)
	at net.serenitybdd.core.photography.DarkroomProcessingLine.run(DarkroomProcessingLine.java:58)
	at java.lang.Thread.run(Thread.java:748)
[Darkroom Processing Line] WARN net.serenitybdd.core.photography.DarkroomProcessingLine - Failed to save screenshot
java.nio.file.AccessDeniedException: C:\Users\SBMEDADMIN\eclipse-workspace\AutomationChallenge\target\site\serenity
	at sun.nio.fs.WindowsException.translateToIOException(WindowsException.java:83)
	at sun.nio.fs.WindowsException.rethrowAsIOException(WindowsException.java:97)
	at sun.nio.fs.WindowsException.rethrowAsIOException(WindowsException.java:102)
	at sun.nio.fs.WindowsFileSystemProvider.createDirectory(WindowsFileSystemProvider.java:504)
	at java.nio.file.Files.createDirectory(Files.java:674)
	at java.nio.file.Files.createAndCheckIsDirectory(Files.java:781)
	at java.nio.file.Files.createDirectories(Files.java:767)
	at net.serenitybdd.core.photography.DarkroomProcessingLine.ensureParentDirectoryExistsFor(DarkroomProcessingLine.java:123)
	at net.serenitybdd.core.photography.DarkroomProcessingLine.saveProcessedScreenshot(DarkroomProcessingLine.java:112)
	at net.serenitybdd.core.photography.DarkroomProcessingLine.process(DarkroomProcessingLine.java:91)
	at net.serenitybdd.core.photography.DarkroomProcessingLine.processNegative(DarkroomProcessingLine.java:80)
	at net.serenitybdd.core.photography.DarkroomProcessingLine.run(DarkroomProcessingLine.java:58)
	at java.lang.Thread.run(Thread.java:748)
[Darkroom Processing Line] WARN net.serenitybdd.core.photography.DarkroomProcessingLine - Failed to save screenshot
java.nio.file.AccessDeniedException: C:\Users\SBMEDADMIN\eclipse-workspace\AutomationChallenge\target\site\serenity
	at sun.nio.fs.WindowsException.translateToIOException(WindowsException.java:83)
	at sun.nio.fs.WindowsException.rethrowAsIOException(WindowsException.java:97)
	at sun.nio.fs.WindowsException.rethrowAsIOException(WindowsException.java:102)
	at sun.nio.fs.WindowsFileSystemProvider.createDirectory(WindowsFileSystemProvider.java:504)
	at java.nio.file.Files.createDirectory(Files.java:674)
	at java.nio.file.Files.createAndCheckIsDirectory(Files.java:781)
	at java.nio.file.Files.createDirectories(Files.java:767)
	at net.serenitybdd.core.photography.DarkroomProcessingLine.ensureParentDirectoryExistsFor(DarkroomProcessingLine.java:123)
	at net.serenitybdd.core.photography.DarkroomProcessingLine.saveProcessedScreenshot(DarkroomProcessingLine.java:112)
	at net.serenitybdd.core.photography.DarkroomProcessingLine.process(DarkroomProcessingLine.java:91)
	at net.serenitybdd.core.photography.DarkroomProcessingLine.processNegative(DarkroomProcessingLine.java:80)
	at net.serenitybdd.core.photography.DarkroomProcessingLine.run(DarkroomProcessingLine.java:58)
	at java.lang.Thread.run(Thread.java:748)
[Darkroom Processing Line] WARN net.serenitybdd.core.photography.DarkroomProcessingLine - Failed to save screenshot
java.nio.file.AccessDeniedException: C:\Users\SBMEDADMIN\eclipse-workspace\AutomationChallenge\target\site\serenity
	at sun.nio.fs.WindowsException.translateToIOException(WindowsException.java:83)
	at sun.nio.fs.WindowsException.rethrowAsIOException(WindowsException.java:97)
	at sun.nio.fs.WindowsException.rethrowAsIOException(WindowsException.java:102)
	at sun.nio.fs.WindowsFileSystemProvider.createDirectory(WindowsFileSystemProvider.java:504)
	at java.nio.file.Files.createDirectory(Files.java:674)
	at java.nio.file.Files.createAndCheckIsDirectory(Files.java:781)
	at java.nio.file.Files.createDirectories(Files.java:767)
	at net.serenitybdd.core.photography.DarkroomProcessingLine.ensureParentDirectoryExistsFor(DarkroomProcessingLine.java:123)
	at net.serenitybdd.core.photography.DarkroomProcessingLine.saveProcessedScreenshot(DarkroomProcessingLine.java:112)
	at net.serenitybdd.core.photography.DarkroomProcessingLine.process(DarkroomProcessingLine.java:91)
	at net.serenitybdd.core.photography.DarkroomProcessingLine.processNegative(DarkroomProcessingLine.java:80)
	at net.serenitybdd.core.photography.DarkroomProcessingLine.run(DarkroomProcessingLine.java:58)
	at java.lang.Thread.run(Thread.java:748)
[Darkroom Processing Line] WARN net.serenitybdd.core.photography.DarkroomProcessingLine - Failed to save screenshot
java.nio.file.AccessDeniedException: C:\Users\SBMEDADMIN\eclipse-workspace\AutomationChallenge\target\site\serenity
	at sun.nio.fs.WindowsException.translateToIOException(WindowsException.java:83)
	at sun.nio.fs.WindowsException.rethrowAsIOException(WindowsException.java:97)
	at sun.nio.fs.WindowsException.rethrowAsIOException(WindowsException.java:102)
	at sun.nio.fs.WindowsFileSystemProvider.createDirectory(WindowsFileSystemProvider.java:504)
	at java.nio.file.Files.createDirectory(Files.java:674)
	at java.nio.file.Files.createAndCheckIsDirectory(Files.java:781)
	at java.nio.file.Files.createDirectories(Files.java:767)
	at net.serenitybdd.core.photography.DarkroomProcessingLine.ensureParentDirectoryExistsFor(DarkroomProcessingLine.java:123)
	at net.serenitybdd.core.photography.DarkroomProcessingLine.saveProcessedScreenshot(DarkroomProcessingLine.java:112)
	at net.serenitybdd.core.photography.DarkroomProcessingLine.process(DarkroomProcessingLine.java:91)
	at net.serenitybdd.core.photography.DarkroomProcessingLine.processNegative(DarkroomProcessingLine.java:80)
	at net.serenitybdd.core.photography.DarkroomProcessingLine.run(DarkroomProcessingLine.java:58)
	at java.lang.Thread.run(Thread.java:748)
[Darkroom Processing Line] WARN net.serenitybdd.core.photography.DarkroomProcessingLine - Failed to save screenshot
java.nio.file.AccessDeniedException: C:\Users\SBMEDADMIN\eclipse-workspace\AutomationChallenge\target\site\serenity
	at sun.nio.fs.WindowsException.translateToIOException(WindowsException.java:83)
	at sun.nio.fs.WindowsException.rethrowAsIOException(WindowsException.java:97)
	at sun.nio.fs.WindowsException.rethrowAsIOException(WindowsException.java:102)
	at sun.nio.fs.WindowsFileSystemProvider.createDirectory(WindowsFileSystemProvider.java:504)
	at java.nio.file.Files.createDirectory(Files.java:674)
	at java.nio.file.Files.createAndCheckIsDirectory(Files.java:781)
	at java.nio.file.Files.createDirectories(Files.java:767)
	at net.serenitybdd.core.photography.DarkroomProcessingLine.ensureParentDirectoryExistsFor(DarkroomProcessingLine.java:123)
	at net.serenitybdd.core.photography.DarkroomProcessingLine.saveProcessedScreenshot(DarkroomProcessingLine.java:112)
	at net.serenitybdd.core.photography.DarkroomProcessingLine.process(DarkroomProcessingLine.java:91)
	at net.serenitybdd.core.photography.DarkroomProcessingLine.processNegative(DarkroomProcessingLine.java:80)
	at net.serenitybdd.core.photography.DarkroomProcessingLine.run(DarkroomProcessingLine.java:58)
	at java.lang.Thread.run(Thread.java:748)
[Darkroom Processing Line] WARN net.serenitybdd.core.photography.DarkroomProcessingLine - Failed to save screenshot
java.nio.file.AccessDeniedException: C:\Users\SBMEDADMIN\eclipse-workspace\AutomationChallenge\target\site\serenity
	at sun.nio.fs.WindowsException.translateToIOException(WindowsException.java:83)
	at sun.nio.fs.WindowsException.rethrowAsIOException(WindowsException.java:97)
	at sun.nio.fs.WindowsException.rethrowAsIOException(WindowsException.java:102)
	at sun.nio.fs.WindowsFileSystemProvider.createDirectory(WindowsFileSystemProvider.java:504)
	at java.nio.file.Files.createDirectory(Files.java:674)
	at java.nio.file.Files.createAndCheckIsDirectory(Files.java:781)
	at java.nio.file.Files.createDirectories(Files.java:767)
	at net.serenitybdd.core.photography.DarkroomProcessingLine.ensureParentDirectoryExistsFor(DarkroomProcessingLine.java:123)
	at net.serenitybdd.core.photography.DarkroomProcessingLine.saveProcessedScreenshot(DarkroomProcessingLine.java:112)
	at net.serenitybdd.core.photography.DarkroomProcessingLine.process(DarkroomProcessingLine.java:91)
	at net.serenitybdd.core.photography.DarkroomProcessingLine.processNegative(DarkroomProcessingLine.java:80)
	at net.serenitybdd.core.photography.DarkroomProcessingLine.run(DarkroomProcessingLine.java:58)
	at java.lang.Thread.run(Thread.java:748)
[Darkroom Processing Line] WARN net.serenitybdd.core.photography.DarkroomProcessingLine - Failed to save screenshot
java.nio.file.AccessDeniedException: C:\Users\SBMEDADMIN\eclipse-workspace\AutomationChallenge\target\site\serenity
	at sun.nio.fs.WindowsException.translateToIOException(WindowsException.java:83)
	at sun.nio.fs.WindowsException.rethrowAsIOException(WindowsException.java:97)
	at sun.nio.fs.WindowsException.rethrowAsIOException(WindowsException.java:102)
	at sun.nio.fs.WindowsFileSystemProvider.createDirectory(WindowsFileSystemProvider.java:504)
	at java.nio.file.Files.createDirectory(Files.java:674)
	at java.nio.file.Files.createAndCheckIsDirectory(Files.java:781)
	at java.nio.file.Files.createDirectories(Files.java:767)
	at net.serenitybdd.core.photography.DarkroomProcessingLine.ensureParentDirectoryExistsFor(DarkroomProcessingLine.java:123)
	at net.serenitybdd.core.photography.DarkroomProcessingLine.saveProcessedScreenshot(DarkroomProcessingLine.java:112)
	at net.serenitybdd.core.photography.DarkroomProcessingLine.process(DarkroomProcessingLine.java:91)
	at net.serenitybdd.core.photography.DarkroomProcessingLine.processNegative(DarkroomProcessingLine.java:80)
	at net.serenitybdd.core.photography.DarkroomProcessingLine.run(DarkroomProcessingLine.java:58)
	at java.lang.Thread.run(Thread.java:748)
[Darkroom Processing Line] WARN net.serenitybdd.core.photography.DarkroomProcessingLine - Failed to save screenshot
java.nio.file.AccessDeniedException: C:\Users\SBMEDADMIN\eclipse-workspace\AutomationChallenge\target\site\serenity
	at sun.nio.fs.WindowsException.translateToIOException(WindowsException.java:83)
	at sun.nio.fs.WindowsException.rethrowAsIOException(WindowsException.java:97)
	at sun.nio.fs.WindowsException.rethrowAsIOException(WindowsException.java:102)
	at sun.nio.fs.WindowsFileSystemProvider.createDirectory(WindowsFileSystemProvider.java:504)
	at java.nio.file.Files.createDirectory(Files.java:674)
	at java.nio.file.Files.createAndCheckIsDirectory(Files.java:781)
	at java.nio.file.Files.createDirectories(Files.java:767)
	at net.serenitybdd.core.photography.DarkroomProcessingLine.ensureParentDirectoryExistsFor(DarkroomProcessingLine.java:123)
	at net.serenitybdd.core.photography.DarkroomProcessingLine.saveProcessedScreenshot(DarkroomProcessingLine.java:112)
	at net.serenitybdd.core.photography.DarkroomProcessingLine.process(DarkroomProcessingLine.java:91)
	at net.serenitybdd.core.photography.DarkroomProcessingLine.processNegative(DarkroomProcessingLine.java:80)
	at net.serenitybdd.core.photography.DarkroomProcessingLine.run(DarkroomProcessingLine.java:58)
	at java.lang.Thread.run(Thread.java:748)
[Darkroom Processing Line] WARN net.serenitybdd.core.photography.DarkroomProcessingLine - Failed to save screenshot
java.nio.file.AccessDeniedException: C:\Users\SBMEDADMIN\eclipse-workspace\AutomationChallenge\target\site\serenity
	at sun.nio.fs.WindowsException.translateToIOException(WindowsException.java:83)
	at sun.nio.fs.WindowsException.rethrowAsIOException(WindowsException.java:97)
	at sun.nio.fs.WindowsException.rethrowAsIOException(WindowsException.java:102)
	at sun.nio.fs.WindowsFileSystemProvider.createDirectory(WindowsFileSystemProvider.java:504)
	at java.nio.file.Files.createDirectory(Files.java:674)
	at java.nio.file.Files.createAndCheckIsDirectory(Files.java:781)
	at java.nio.file.Files.createDirectories(Files.java:767)
	at net.serenitybdd.core.photography.DarkroomProcessingLine.ensureParentDirectoryExistsFor(DarkroomProcessingLine.java:123)
	at net.serenitybdd.core.photography.DarkroomProcessingLine.saveProcessedScreenshot(DarkroomProcessingLine.java:112)
	at net.serenitybdd.core.photography.DarkroomProcessingLine.process(DarkroomProcessingLine.java:91)
	at net.serenitybdd.core.photography.DarkroomProcessingLine.processNegative(DarkroomProcessingLine.java:80)
	at net.serenitybdd.core.photography.DarkroomProcessingLine.run(DarkroomProcessingLine.java:58)
	at java.lang.Thread.run(Thread.java:748)
[Darkroom Processing Line] WARN net.serenitybdd.core.photography.DarkroomProcessingLine - Failed to save screenshot
java.nio.file.AccessDeniedException: C:\Users\SBMEDADMIN\eclipse-workspace\AutomationChallenge\target\site\serenity
	at sun.nio.fs.WindowsException.translateToIOException(WindowsException.java:83)
	at sun.nio.fs.WindowsException.rethrowAsIOException(WindowsException.java:97)
	at sun.nio.fs.WindowsException.rethrowAsIOException(WindowsException.java:102)
	at sun.nio.fs.WindowsFileSystemProvider.createDirectory(WindowsFileSystemProvider.java:504)
	at java.nio.file.Files.createDirectory(Files.java:674)
	at java.nio.file.Files.createAndCheckIsDirectory(Files.java:781)
	at java.nio.file.Files.createDirectories(Files.java:767)
	at net.serenitybdd.core.photography.DarkroomProcessingLine.ensureParentDirectoryExistsFor(DarkroomProcessingLine.java:123)
	at net.serenitybdd.core.photography.DarkroomProcessingLine.saveProcessedScreenshot(DarkroomProcessingLine.java:112)
	at net.serenitybdd.core.photography.DarkroomProcessingLine.process(DarkroomProcessingLine.java:91)
	at net.serenitybdd.core.photography.DarkroomProcessingLine.processNegative(DarkroomProcessingLine.java:80)
	at net.serenitybdd.core.photography.DarkroomProcessingLine.run(DarkroomProcessingLine.java:58)
	at java.lang.Thread.run(Thread.java:748)
[Darkroom Processing Line] WARN net.serenitybdd.core.photography.DarkroomProcessingLine - Failed to save screenshot
java.nio.file.AccessDeniedException: C:\Users\SBMEDADMIN\eclipse-workspace\AutomationChallenge\target\site\serenity
	at sun.nio.fs.WindowsException.translateToIOException(WindowsException.java:83)
	at sun.nio.fs.WindowsException.rethrowAsIOException(WindowsException.java:97)
	at sun.nio.fs.WindowsException.rethrowAsIOException(WindowsException.java:102)
	at sun.nio.fs.WindowsFileSystemProvider.createDirectory(WindowsFileSystemProvider.java:504)
	at java.nio.file.Files.createDirectory(Files.java:674)
	at java.nio.file.Files.createAndCheckIsDirectory(Files.java:781)
	at java.nio.file.Files.createDirectories(Files.java:767)
	at net.serenitybdd.core.photography.DarkroomProcessingLine.ensureParentDirectoryExistsFor(DarkroomProcessingLine.java:123)
	at net.serenitybdd.core.photography.DarkroomProcessingLine.saveProcessedScreenshot(DarkroomProcessingLine.java:112)
	at net.serenitybdd.core.photography.DarkroomProcessingLine.process(DarkroomProcessingLine.java:91)
	at net.serenitybdd.core.photography.DarkroomProcessingLine.processNegative(DarkroomProcessingLine.java:80)
	at net.serenitybdd.core.photography.DarkroomProcessingLine.run(DarkroomProcessingLine.java:58)
	at java.lang.Thread.run(Thread.java:748)
[Darkroom Processing Line] WARN net.serenitybdd.core.photography.DarkroomProcessingLine - Failed to save screenshot
java.nio.file.AccessDeniedException: C:\Users\SBMEDADMIN\eclipse-workspace\AutomationChallenge\target\site\serenity
	at sun.nio.fs.WindowsException.translateToIOException(WindowsException.java:83)
	at sun.nio.fs.WindowsException.rethrowAsIOException(WindowsException.java:97)
	at sun.nio.fs.WindowsException.rethrowAsIOException(WindowsException.java:102)
	at sun.nio.fs.WindowsFileSystemProvider.createDirectory(WindowsFileSystemProvider.java:504)
	at java.nio.file.Files.createDirectory(Files.java:674)
	at java.nio.file.Files.createAndCheckIsDirectory(Files.java:781)
	at java.nio.file.Files.createDirectories(Files.java:767)
	at net.serenitybdd.core.photography.DarkroomProcessingLine.ensureParentDirectoryExistsFor(DarkroomProcessingLine.java:123)
	at net.serenitybdd.core.photography.DarkroomProcessingLine.saveProcessedScreenshot(DarkroomProcessingLine.java:112)
	at net.serenitybdd.core.photography.DarkroomProcessingLine.process(DarkroomProcessingLine.java:91)
	at net.serenitybdd.core.photography.DarkroomProcessingLine.processNegative(DarkroomProcessingLine.java:80)
	at net.serenitybdd.core.photography.DarkroomProcessingLine.run(DarkroomProcessingLine.java:58)
	at java.lang.Thread.run(Thread.java:748)
[Darkroom Processing Line] WARN net.serenitybdd.core.photography.DarkroomProcessingLine - Failed to save screenshot
java.nio.file.AccessDeniedException: C:\Users\SBMEDADMIN\eclipse-workspace\AutomationChallenge\target\site\serenity
	at sun.nio.fs.WindowsException.translateToIOException(WindowsException.java:83)
	at sun.nio.fs.WindowsException.rethrowAsIOException(WindowsException.java:97)
	at sun.nio.fs.WindowsException.rethrowAsIOException(WindowsException.java:102)
	at sun.nio.fs.WindowsFileSystemProvider.createDirectory(WindowsFileSystemProvider.java:504)
	at java.nio.file.Files.createDirectory(Files.java:674)
	at java.nio.file.Files.createAndCheckIsDirectory(Files.java:781)
	at java.nio.file.Files.createDirectories(Files.java:767)
	at net.serenitybdd.core.photography.DarkroomProcessingLine.ensureParentDirectoryExistsFor(DarkroomProcessingLine.java:123)
	at net.serenitybdd.core.photography.DarkroomProcessingLine.saveProcessedScreenshot(DarkroomProcessingLine.java:112)
	at net.serenitybdd.core.photography.DarkroomProcessingLine.process(DarkroomProcessingLine.java:91)
	at net.serenitybdd.core.photography.DarkroomProcessingLine.processNegative(DarkroomProcessingLine.java:80)
	at net.serenitybdd.core.photography.DarkroomProcessingLine.run(DarkroomProcessingLine.java:58)
	at java.lang.Thread.run(Thread.java:748)
[Darkroom Processing Line] WARN net.serenitybdd.core.photography.DarkroomProcessingLine - Failed to save screenshot
java.nio.file.AccessDeniedException: C:\Users\SBMEDADMIN\eclipse-workspace\AutomationChallenge\target\site\serenity
	at sun.nio.fs.WindowsException.translateToIOException(WindowsException.java:83)
	at sun.nio.fs.WindowsException.rethrowAsIOException(WindowsException.java:97)
	at sun.nio.fs.WindowsException.rethrowAsIOException(WindowsException.java:102)
	at sun.nio.fs.WindowsFileSystemProvider.createDirectory(WindowsFileSystemProvider.java:504)
	at java.nio.file.Files.createDirectory(Files.java:674)
	at java.nio.file.Files.createAndCheckIsDirectory(Files.java:781)
	at java.nio.file.Files.createDirectories(Files.java:767)
	at net.serenitybdd.core.photography.DarkroomProcessingLine.ensureParentDirectoryExistsFor(DarkroomProcessingLine.java:123)
	at net.serenitybdd.core.photography.DarkroomProcessingLine.saveProcessedScreenshot(DarkroomProcessingLine.java:112)
	at net.serenitybdd.core.photography.DarkroomProcessingLine.process(DarkroomProcessingLine.java:91)
	at net.serenitybdd.core.photography.DarkroomProcessingLine.processNegative(DarkroomProcessingLine.java:80)
	at net.serenitybdd.core.photography.DarkroomProcessingLine.run(DarkroomProcessingLine.java:58)
	at java.lang.Thread.run(Thread.java:748)
[Darkroom Processing Line] WARN net.serenitybdd.core.photography.DarkroomProcessingLine - Failed to save screenshot
java.nio.file.AccessDeniedException: C:\Users\SBMEDADMIN\eclipse-workspace\AutomationChallenge\target\site\serenity
	at sun.nio.fs.WindowsException.translateToIOException(WindowsException.java:83)
	at sun.nio.fs.WindowsException.rethrowAsIOException(WindowsException.java:97)
	at sun.nio.fs.WindowsException.rethrowAsIOException(WindowsException.java:102)
	at sun.nio.fs.WindowsFileSystemProvider.createDirectory(WindowsFileSystemProvider.java:504)
	at java.nio.file.Files.createDirectory(Files.java:674)
	at java.nio.file.Files.createAndCheckIsDirectory(Files.java:781)
	at java.nio.file.Files.createDirectories(Files.java:767)
	at net.serenitybdd.core.photography.DarkroomProcessingLine.ensureParentDirectoryExistsFor(DarkroomProcessingLine.java:123)
	at net.serenitybdd.core.photography.DarkroomProcessingLine.saveProcessedScreenshot(DarkroomProcessingLine.java:112)
	at net.serenitybdd.core.photography.DarkroomProcessingLine.process(DarkroomProcessingLine.java:91)
	at net.serenitybdd.core.photography.DarkroomProcessingLine.processNegative(DarkroomProcessingLine.java:80)
	at net.serenitybdd.core.photography.DarkroomProcessingLine.run(DarkroomProcessingLine.java:58)
	at java.lang.Thread.run(Thread.java:748)
[Darkroom Processing Line] WARN net.serenitybdd.core.photography.DarkroomProcessingLine - Failed to save screenshot
java.nio.file.AccessDeniedException: C:\Users\SBMEDADMIN\eclipse-workspace\AutomationChallenge\target\site\serenity
	at sun.nio.fs.WindowsException.translateToIOException(WindowsException.java:83)
	at sun.nio.fs.WindowsException.rethrowAsIOException(WindowsException.java:97)
	at sun.nio.fs.WindowsException.rethrowAsIOException(WindowsException.java:102)
	at sun.nio.fs.WindowsFileSystemProvider.createDirectory(WindowsFileSystemProvider.java:504)
	at java.nio.file.Files.createDirectory(Files.java:674)
	at java.nio.file.Files.createAndCheckIsDirectory(Files.java:781)
	at java.nio.file.Files.createDirectories(Files.java:767)
	at net.serenitybdd.core.photography.DarkroomProcessingLine.ensureParentDirectoryExistsFor(DarkroomProcessingLine.java:123)
	at net.serenitybdd.core.photography.DarkroomProcessingLine.saveProcessedScreenshot(DarkroomProcessingLine.java:112)
	at net.serenitybdd.core.photography.DarkroomProcessingLine.process(DarkroomProcessingLine.java:91)
	at net.serenitybdd.core.photography.DarkroomProcessingLine.processNegative(DarkroomProcessingLine.java:80)
	at net.serenitybdd.core.photography.DarkroomProcessingLine.run(DarkroomProcessingLine.java:58)
	at java.lang.Thread.run(Thread.java:748)
[Darkroom Processing Line] WARN net.serenitybdd.core.photography.DarkroomProcessingLine - Failed to save screenshot
java.nio.file.AccessDeniedException: C:\Users\SBMEDADMIN\eclipse-workspace\AutomationChallenge\target\site\serenity
	at sun.nio.fs.WindowsException.translateToIOException(WindowsException.java:83)
	at sun.nio.fs.WindowsException.rethrowAsIOException(WindowsException.java:97)
	at sun.nio.fs.WindowsException.rethrowAsIOException(WindowsException.java:102)
	at sun.nio.fs.WindowsFileSystemProvider.createDirectory(WindowsFileSystemProvider.java:504)
	at java.nio.file.Files.createDirectory(Files.java:674)
	at java.nio.file.Files.createAndCheckIsDirectory(Files.java:781)
	at java.nio.file.Files.createDirectories(Files.java:767)
	at net.serenitybdd.core.photography.DarkroomProcessingLine.ensureParentDirectoryExistsFor(DarkroomProcessingLine.java:123)
	at net.serenitybdd.core.photography.DarkroomProcessingLine.saveProcessedScreenshot(DarkroomProcessingLine.java:112)
	at net.serenitybdd.core.photography.DarkroomProcessingLine.process(DarkroomProcessingLine.java:91)
	at net.serenitybdd.core.photography.DarkroomProcessingLine.processNegative(DarkroomProcessingLine.java:80)
	at net.serenitybdd.core.photography.DarkroomProcessingLine.run(DarkroomProcessingLine.java:58)
	at java.lang.Thread.run(Thread.java:748)
[Darkroom Processing Line] WARN net.serenitybdd.core.photography.DarkroomProcessingLine - Failed to save screenshot
java.nio.file.AccessDeniedException: C:\Users\SBMEDADMIN\eclipse-workspace\AutomationChallenge\target\site\serenity
	at sun.nio.fs.WindowsException.translateToIOException(WindowsException.java:83)
	at sun.nio.fs.WindowsException.rethrowAsIOException(WindowsException.java:97)
	at sun.nio.fs.WindowsException.rethrowAsIOException(WindowsException.java:102)
	at sun.nio.fs.WindowsFileSystemProvider.createDirectory(WindowsFileSystemProvider.java:504)
	at java.nio.file.Files.createDirectory(Files.java:674)
	at java.nio.file.Files.createAndCheckIsDirectory(Files.java:781)
	at java.nio.file.Files.createDirectories(Files.java:767)
	at net.serenitybdd.core.photography.DarkroomProcessingLine.ensureParentDirectoryExistsFor(DarkroomProcessingLine.java:123)
	at net.serenitybdd.core.photography.DarkroomProcessingLine.saveProcessedScreenshot(DarkroomProcessingLine.java:112)
	at net.serenitybdd.core.photography.DarkroomProcessingLine.process(DarkroomProcessingLine.java:91)
	at net.serenitybdd.core.photography.DarkroomProcessingLine.processNegative(DarkroomProcessingLine.java:80)
	at net.serenitybdd.core.photography.DarkroomProcessingLine.run(DarkroomProcessingLine.java:58)
	at java.lang.Thread.run(Thread.java:748)
[Darkroom Processing Line] WARN net.serenitybdd.core.photography.DarkroomProcessingLine - Failed to save screenshot
java.nio.file.AccessDeniedException: C:\Users\SBMEDADMIN\eclipse-workspace\AutomationChallenge\target\site\serenity
	at sun.nio.fs.WindowsException.translateToIOException(WindowsException.java:83)
	at sun.nio.fs.WindowsException.rethrowAsIOException(WindowsException.java:97)
	at sun.nio.fs.WindowsException.rethrowAsIOException(WindowsException.java:102)
	at sun.nio.fs.WindowsFileSystemProvider.createDirectory(WindowsFileSystemProvider.java:504)
	at java.nio.file.Files.createDirectory(Files.java:674)
	at java.nio.file.Files.createAndCheckIsDirectory(Files.java:781)
	at java.nio.file.Files.createDirectories(Files.java:767)
	at net.serenitybdd.core.photography.DarkroomProcessingLine.ensureParentDirectoryExistsFor(DarkroomProcessingLine.java:123)
	at net.serenitybdd.core.photography.DarkroomProcessingLine.saveProcessedScreenshot(DarkroomProcessingLine.java:112)
	at net.serenitybdd.core.photography.DarkroomProcessingLine.process(DarkroomProcessingLine.java:91)
	at net.serenitybdd.core.photography.DarkroomProcessingLine.processNegative(DarkroomProcessingLine.java:80)
	at net.serenitybdd.core.photography.DarkroomProcessingLine.run(DarkroomProcessingLine.java:58)
	at java.lang.Thread.run(Thread.java:748)
[Darkroom Processing Line] WARN net.serenitybdd.core.photography.DarkroomProcessingLine - Failed to save screenshot
java.nio.file.AccessDeniedException: C:\Users\SBMEDADMIN\eclipse-workspace\AutomationChallenge\target\site\serenity
	at sun.nio.fs.WindowsException.translateToIOException(WindowsException.java:83)
	at sun.nio.fs.WindowsException.rethrowAsIOException(WindowsException.java:97)
	at sun.nio.fs.WindowsException.rethrowAsIOException(WindowsException.java:102)
	at sun.nio.fs.WindowsFileSystemProvider.createDirectory(WindowsFileSystemProvider.java:504)
	at java.nio.file.Files.createDirectory(Files.java:674)
	at java.nio.file.Files.createAndCheckIsDirectory(Files.java:781)
	at java.nio.file.Files.createDirectories(Files.java:767)
	at net.serenitybdd.core.photography.DarkroomProcessingLine.ensureParentDirectoryExistsFor(DarkroomProcessingLine.java:123)
	at net.serenitybdd.core.photography.DarkroomProcessingLine.saveProcessedScreenshot(DarkroomProcessingLine.java:112)
	at net.serenitybdd.core.photography.DarkroomProcessingLine.process(DarkroomProcessingLine.java:91)
	at net.serenitybdd.core.photography.DarkroomProcessingLine.processNegative(DarkroomProcessingLine.java:80)
	at net.serenitybdd.core.photography.DarkroomProcessingLine.run(DarkroomProcessingLine.java:58)
	at java.lang.Thread.run(Thread.java:748)
[Darkroom Processing Line] WARN net.serenitybdd.core.photography.DarkroomProcessingLine - Failed to save screenshot
java.nio.file.AccessDeniedException: C:\Users\SBMEDADMIN\eclipse-workspace\AutomationChallenge\target\site\serenity
	at sun.nio.fs.WindowsException.translateToIOException(WindowsException.java:83)
	at sun.nio.fs.WindowsException.rethrowAsIOException(WindowsException.java:97)
	at sun.nio.fs.WindowsException.rethrowAsIOException(WindowsException.java:102)
	at sun.nio.fs.WindowsFileSystemProvider.createDirectory(WindowsFileSystemProvider.java:504)
	at java.nio.file.Files.createDirectory(Files.java:674)
	at java.nio.file.Files.createAndCheckIsDirectory(Files.java:781)
	at java.nio.file.Files.createDirectories(Files.java:767)
	at net.serenitybdd.core.photography.DarkroomProcessingLine.ensureParentDirectoryExistsFor(DarkroomProcessingLine.java:123)
	at net.serenitybdd.core.photography.DarkroomProcessingLine.saveProcessedScreenshot(DarkroomProcessingLine.java:112)
	at net.serenitybdd.core.photography.DarkroomProcessingLine.process(DarkroomProcessingLine.java:91)
	at net.serenitybdd.core.photography.DarkroomProcessingLine.processNegative(DarkroomProcessingLine.java:80)
	at net.serenitybdd.core.photography.DarkroomProcessingLine.run(DarkroomProcessingLine.java:58)
	at java.lang.Thread.run(Thread.java:748)
[Darkroom Processing Line] WARN net.serenitybdd.core.photography.DarkroomProcessingLine - Failed to save screenshot
java.nio.file.AccessDeniedException: C:\Users\SBMEDADMIN\eclipse-workspace\AutomationChallenge\target\site\serenity
	at sun.nio.fs.WindowsException.translateToIOException(WindowsException.java:83)
	at sun.nio.fs.WindowsException.rethrowAsIOException(WindowsException.java:97)
	at sun.nio.fs.WindowsException.rethrowAsIOException(WindowsException.java:102)
	at sun.nio.fs.WindowsFileSystemProvider.createDirectory(WindowsFileSystemProvider.java:504)
	at java.nio.file.Files.createDirectory(Files.java:674)
	at java.nio.file.Files.createAndCheckIsDirectory(Files.java:781)
	at java.nio.file.Files.createDirectories(Files.java:767)
	at net.serenitybdd.core.photography.DarkroomProcessingLine.ensureParentDirectoryExistsFor(DarkroomProcessingLine.java:123)
	at net.serenitybdd.core.photography.DarkroomProcessingLine.saveProcessedScreenshot(DarkroomProcessingLine.java:112)
	at net.serenitybdd.core.photography.DarkroomProcessingLine.process(DarkroomProcessingLine.java:91)
	at net.serenitybdd.core.photography.DarkroomProcessingLine.processNegative(DarkroomProcessingLine.java:80)
	at net.serenitybdd.core.photography.DarkroomProcessingLine.run(DarkroomProcessingLine.java:58)
	at java.lang.Thread.run(Thread.java:748)
[Darkroom Processing Line] WARN net.serenitybdd.core.photography.DarkroomProcessingLine - Failed to save screenshot
java.nio.file.AccessDeniedException: C:\Users\SBMEDADMIN\eclipse-workspace\AutomationChallenge\target\site\serenity
	at sun.nio.fs.WindowsException.translateToIOException(WindowsException.java:83)
	at sun.nio.fs.WindowsException.rethrowAsIOException(WindowsException.java:97)
	at sun.nio.fs.WindowsException.rethrowAsIOException(WindowsException.java:102)
	at sun.nio.fs.WindowsFileSystemProvider.createDirectory(WindowsFileSystemProvider.java:504)
	at java.nio.file.Files.createDirectory(Files.java:674)
	at java.nio.file.Files.createAndCheckIsDirectory(Files.java:781)
	at java.nio.file.Files.createDirectories(Files.java:767)
	at net.serenitybdd.core.photography.DarkroomProcessingLine.ensureParentDirectoryExistsFor(DarkroomProcessingLine.java:123)
	at net.serenitybdd.core.photography.DarkroomProcessingLine.saveProcessedScreenshot(DarkroomProcessingLine.java:112)
	at net.serenitybdd.core.photography.DarkroomProcessingLine.process(DarkroomProcessingLine.java:91)
	at net.serenitybdd.core.photography.DarkroomProcessingLine.processNegative(DarkroomProcessingLine.java:80)
	at net.serenitybdd.core.photography.DarkroomProcessingLine.run(DarkroomProcessingLine.java:58)
	at java.lang.Thread.run(Thread.java:748)
[Darkroom Processing Line] WARN net.serenitybdd.core.photography.DarkroomProcessingLine - Failed to save screenshot
java.nio.file.AccessDeniedException: C:\Users\SBMEDADMIN\eclipse-workspace\AutomationChallenge\target\site\serenity
	at sun.nio.fs.WindowsException.translateToIOException(WindowsException.java:83)
	at sun.nio.fs.WindowsException.rethrowAsIOException(WindowsException.java:97)
	at sun.nio.fs.WindowsException.rethrowAsIOException(WindowsException.java:102)
	at sun.nio.fs.WindowsFileSystemProvider.createDirectory(WindowsFileSystemProvider.java:504)
	at java.nio.file.Files.createDirectory(Files.java:674)
	at java.nio.file.Files.createAndCheckIsDirectory(Files.java:781)
	at java.nio.file.Files.createDirectories(Files.java:767)
	at net.serenitybdd.core.photography.DarkroomProcessingLine.ensureParentDirectoryExistsFor(DarkroomProcessingLine.java:123)
	at net.serenitybdd.core.photography.DarkroomProcessingLine.saveProcessedScreenshot(DarkroomProcessingLine.java:112)
	at net.serenitybdd.core.photography.DarkroomProcessingLine.process(DarkroomProcessingLine.java:91)
	at net.serenitybdd.core.photography.DarkroomProcessingLine.processNegative(DarkroomProcessingLine.java:80)
	at net.serenitybdd.core.photography.DarkroomProcessingLine.run(DarkroomProcessingLine.java:58)
	at java.lang.Thread.run(Thread.java:748)
[Darkroom Processing Line] WARN net.serenitybdd.core.photography.DarkroomProcessingLine - Failed to save screenshot
java.nio.file.AccessDeniedException: C:\Users\SBMEDADMIN\eclipse-workspace\AutomationChallenge\target\site\serenity
	at sun.nio.fs.WindowsException.translateToIOException(WindowsException.java:83)
	at sun.nio.fs.WindowsException.rethrowAsIOException(WindowsException.java:97)
	at sun.nio.fs.WindowsException.rethrowAsIOException(WindowsException.java:102)
	at sun.nio.fs.WindowsFileSystemProvider.createDirectory(WindowsFileSystemProvider.java:504)
	at java.nio.file.Files.createDirectory(Files.java:674)
	at java.nio.file.Files.createAndCheckIsDirectory(Files.java:781)
	at java.nio.file.Files.createDirectories(Files.java:767)
	at net.serenitybdd.core.photography.DarkroomProcessingLine.ensureParentDirectoryExistsFor(DarkroomProcessingLine.java:123)
	at net.serenitybdd.core.photography.DarkroomProcessingLine.saveProcessedScreenshot(DarkroomProcessingLine.java:112)
	at net.serenitybdd.core.photography.DarkroomProcessingLine.process(DarkroomProcessingLine.java:91)
	at net.serenitybdd.core.photography.DarkroomProcessingLine.processNegative(DarkroomProcessingLine.java:80)
	at net.serenitybdd.core.photography.DarkroomProcessingLine.run(DarkroomProcessingLine.java:58)
	at java.lang.Thread.run(Thread.java:748)
[Darkroom Processing Line] WARN net.serenitybdd.core.photography.DarkroomProcessingLine - Failed to save screenshot
java.nio.file.AccessDeniedException: C:\Users\SBMEDADMIN\eclipse-workspace\AutomationChallenge\target\site\serenity
	at sun.nio.fs.WindowsException.translateToIOException(WindowsException.java:83)
	at sun.nio.fs.WindowsException.rethrowAsIOException(WindowsException.java:97)
	at sun.nio.fs.WindowsException.rethrowAsIOException(WindowsException.java:102)
	at sun.nio.fs.WindowsFileSystemProvider.createDirectory(WindowsFileSystemProvider.java:504)
	at java.nio.file.Files.createDirectory(Files.java:674)
	at java.nio.file.Files.createAndCheckIsDirectory(Files.java:781)
	at java.nio.file.Files.createDirectories(Files.java:767)
	at net.serenitybdd.core.photography.DarkroomProcessingLine.ensureParentDirectoryExistsFor(DarkroomProcessingLine.java:123)
	at net.serenitybdd.core.photography.DarkroomProcessingLine.saveProcessedScreenshot(DarkroomProcessingLine.java:112)
	at net.serenitybdd.core.photography.DarkroomProcessingLine.process(DarkroomProcessingLine.java:91)
	at net.serenitybdd.core.photography.DarkroomProcessingLine.processNegative(DarkroomProcessingLine.java:80)
	at net.serenitybdd.core.photography.DarkroomProcessingLine.run(DarkroomProcessingLine.java:58)
	at java.lang.Thread.run(Thread.java:748)
[Darkroom Processing Line] WARN net.serenitybdd.core.photography.DarkroomProcessingLine - Failed to save screenshot
java.nio.file.AccessDeniedException: C:\Users\SBMEDADMIN\eclipse-workspace\AutomationChallenge\target\site\serenity
	at sun.nio.fs.WindowsException.translateToIOException(WindowsException.java:83)
	at sun.nio.fs.WindowsException.rethrowAsIOException(WindowsException.java:97)
	at sun.nio.fs.WindowsException.rethrowAsIOException(WindowsException.java:102)
	at sun.nio.fs.WindowsFileSystemProvider.createDirectory(WindowsFileSystemProvider.java:504)
	at java.nio.file.Files.createDirectory(Files.java:674)
	at java.nio.file.Files.createAndCheckIsDirectory(Files.java:781)
	at java.nio.file.Files.createDirectories(Files.java:767)
	at net.serenitybdd.core.photography.DarkroomProcessingLine.ensureParentDirectoryExistsFor(DarkroomProcessingLine.java:123)
	at net.serenitybdd.core.photography.DarkroomProcessingLine.saveProcessedScreenshot(DarkroomProcessingLine.java:112)
	at net.serenitybdd.core.photography.DarkroomProcessingLine.process(DarkroomProcessingLine.java:91)
	at net.serenitybdd.core.photography.DarkroomProcessingLine.processNegative(DarkroomProcessingLine.java:80)
	at net.serenitybdd.core.photography.DarkroomProcessingLine.run(DarkroomProcessingLine.java:58)
	at java.lang.Thread.run(Thread.java:748)
[Darkroom Processing Line] WARN net.serenitybdd.core.photography.DarkroomProcessingLine - Failed to save screenshot
java.nio.file.AccessDeniedException: C:\Users\SBMEDADMIN\eclipse-workspace\AutomationChallenge\target\site\serenity
	at sun.nio.fs.WindowsException.translateToIOException(WindowsException.java:83)
	at sun.nio.fs.WindowsException.rethrowAsIOException(WindowsException.java:97)
	at sun.nio.fs.WindowsException.rethrowAsIOException(WindowsException.java:102)
	at sun.nio.fs.WindowsFileSystemProvider.createDirectory(WindowsFileSystemProvider.java:504)
	at java.nio.file.Files.createDirectory(Files.java:674)
	at java.nio.file.Files.createAndCheckIsDirectory(Files.java:781)
	at java.nio.file.Files.createDirectories(Files.java:767)
	at net.serenitybdd.core.photography.DarkroomProcessingLine.ensureParentDirectoryExistsFor(DarkroomProcessingLine.java:123)
	at net.serenitybdd.core.photography.DarkroomProcessingLine.saveProcessedScreenshot(DarkroomProcessingLine.java:112)
	at net.serenitybdd.core.photography.DarkroomProcessingLine.process(DarkroomProcessingLine.java:91)
	at net.serenitybdd.core.photography.DarkroomProcessingLine.processNegative(DarkroomProcessingLine.java:80)
	at net.serenitybdd.core.photography.DarkroomProcessingLine.run(DarkroomProcessingLine.java:58)
	at java.lang.Thread.run(Thread.java:748)
[Darkroom Processing Line] WARN net.serenitybdd.core.photography.DarkroomProcessingLine - Failed to save screenshot
java.nio.file.AccessDeniedException: C:\Users\SBMEDADMIN\eclipse-workspace\AutomationChallenge\target\site\serenity
	at sun.nio.fs.WindowsException.translateToIOException(WindowsException.java:83)
	at sun.nio.fs.WindowsException.rethrowAsIOException(WindowsException.java:97)
	at sun.nio.fs.WindowsException.rethrowAsIOException(WindowsException.java:102)
	at sun.nio.fs.WindowsFileSystemProvider.createDirectory(WindowsFileSystemProvider.java:504)
	at java.nio.file.Files.createDirectory(Files.java:674)
	at java.nio.file.Files.createAndCheckIsDirectory(Files.java:781)
	at java.nio.file.Files.createDirectories(Files.java:767)
	at net.serenitybdd.core.photography.DarkroomProcessingLine.ensureParentDirectoryExistsFor(DarkroomProcessingLine.java:123)
	at net.serenitybdd.core.photography.DarkroomProcessingLine.saveProcessedScreenshot(DarkroomProcessingLine.java:112)
	at net.serenitybdd.core.photography.DarkroomProcessingLine.process(DarkroomProcessingLine.java:91)
	at net.serenitybdd.core.photography.DarkroomProcessingLine.processNegative(DarkroomProcessingLine.java:80)
	at net.serenitybdd.core.photography.DarkroomProcessingLine.run(DarkroomProcessingLine.java:58)
	at java.lang.Thread.run(Thread.java:748)
[Darkroom Processing Line] WARN net.serenitybdd.core.photography.DarkroomProcessingLine - Failed to save screenshot
java.nio.file.AccessDeniedException: C:\Users\SBMEDADMIN\eclipse-workspace\AutomationChallenge\target\site\serenity
	at sun.nio.fs.WindowsException.translateToIOException(WindowsException.java:83)
	at sun.nio.fs.WindowsException.rethrowAsIOException(WindowsException.java:97)
	at sun.nio.fs.WindowsException.rethrowAsIOException(WindowsException.java:102)
	at sun.nio.fs.WindowsFileSystemProvider.createDirectory(WindowsFileSystemProvider.java:504)
	at java.nio.file.Files.createDirectory(Files.java:674)
	at java.nio.file.Files.createAndCheckIsDirectory(Files.java:781)
	at java.nio.file.Files.createDirectories(Files.java:767)
	at net.serenitybdd.core.photography.DarkroomProcessingLine.ensureParentDirectoryExistsFor(DarkroomProcessingLine.java:123)
	at net.serenitybdd.core.photography.DarkroomProcessingLine.saveProcessedScreenshot(DarkroomProcessingLine.java:112)
	at net.serenitybdd.core.photography.DarkroomProcessingLine.process(DarkroomProcessingLine.java:91)
	at net.serenitybdd.core.photography.DarkroomProcessingLine.processNegative(DarkroomProcessingLine.java:80)
	at net.serenitybdd.core.photography.DarkroomProcessingLine.run(DarkroomProcessingLine.java:58)
	at java.lang.Thread.run(Thread.java:748)
[Darkroom Processing Line] WARN net.serenitybdd.core.photography.DarkroomProcessingLine - Failed to save screenshot
java.nio.file.AccessDeniedException: C:\Users\SBMEDADMIN\eclipse-workspace\AutomationChallenge\target\site\serenity
	at sun.nio.fs.WindowsException.translateToIOException(WindowsException.java:83)
	at sun.nio.fs.WindowsException.rethrowAsIOException(WindowsException.java:97)
	at sun.nio.fs.WindowsException.rethrowAsIOException(WindowsException.java:102)
	at sun.nio.fs.WindowsFileSystemProvider.createDirectory(WindowsFileSystemProvider.java:504)
	at java.nio.file.Files.createDirectory(Files.java:674)
	at java.nio.file.Files.createAndCheckIsDirectory(Files.java:781)
	at java.nio.file.Files.createDirectories(Files.java:767)
	at net.serenitybdd.core.photography.DarkroomProcessingLine.ensureParentDirectoryExistsFor(DarkroomProcessingLine.java:123)
	at net.serenitybdd.core.photography.DarkroomProcessingLine.saveProcessedScreenshot(DarkroomProcessingLine.java:112)
	at net.serenitybdd.core.photography.DarkroomProcessingLine.process(DarkroomProcessingLine.java:91)
	at net.serenitybdd.core.photography.DarkroomProcessingLine.processNegative(DarkroomProcessingLine.java:80)
	at net.serenitybdd.core.photography.DarkroomProcessingLine.run(DarkroomProcessingLine.java:58)
	at java.lang.Thread.run(Thread.java:748)
[Test worker] INFO net.serenitybdd.core.Serenity - 
        __    _____ _____ ____ _____   ____   _    ____  ____  _____ ____  
  _     \ \  |_   _| ____/ ___|_   _| |  _ \ / \  / ___|/ ___|| ____|  _ \ 
 (_)_____| |   | | |  _| \___ \ | |   | |_) / _ \ \___ \\___ \|  _| | | | |
  _|_____| |   | | | |___ ___) || |   |  __/ ___ \ ___) |___) | |___| |_| |
 (_)     | |   |_| |_____|____/ |_|   |_| /_/   \_\____/|____/|_____|____/ 
        /_/                                                                

TEST PASSED: Choose Trip
----------------------------------------------------------------------------
[Test worker] WARN net.thucydides.core.reports.junit.JUnitXMLOutcomeReporter - Failed to generate JUnit XML report
java.io.FileNotFoundException: target\site\serenity\SERENITY-JUNIT-9ec1686a36986c7d74e451342cc7850e66d8df185cd718b99cbce89bf4f04797.xml (Acceso denegado)
	at java.io.FileOutputStream.open0(Native Method)
	at java.io.FileOutputStream.open(FileOutputStream.java:270)
	at java.io.FileOutputStream.<init>(FileOutputStream.java:213)
	at java.io.FileOutputStream.<init>(FileOutputStream.java:162)
	at net.thucydides.core.reports.junit.JUnitXMLOutcomeReporter.lambda$generateReportsFor$0(JUnitXMLOutcomeReporter.java:48)
	at java.util.stream.ForEachOps$ForEachOp$OfRef.accept(ForEachOps.java:184)
	at java.util.HashMap$EntrySpliterator.forEachRemaining(HashMap.java:1696)
	at java.util.stream.AbstractPipeline.copyInto(AbstractPipeline.java:481)
	at java.util.stream.ForEachOps$ForEachTask.compute(ForEachOps.java:291)
	at java.util.concurrent.CountedCompleter.exec(CountedCompleter.java:731)
	at java.util.concurrent.ForkJoinTask.doExec(ForkJoinTask.java:289)
	at java.util.concurrent.ForkJoinTask.doInvoke(ForkJoinTask.java:401)
	at java.util.concurrent.ForkJoinTask.invoke(ForkJoinTask.java:734)
	at java.util.stream.ForEachOps$ForEachOp.evaluateParallel(ForEachOps.java:160)
	at java.util.stream.ForEachOps$ForEachOp$OfRef.evaluateParallel(ForEachOps.java:174)
	at java.util.stream.AbstractPipeline.evaluate(AbstractPipeline.java:233)
	at java.util.stream.ReferencePipeline.forEach(ReferencePipeline.java:418)
	at java.util.stream.ReferencePipeline$Head.forEach(ReferencePipeline.java:583)
	at net.thucydides.core.reports.junit.JUnitXMLOutcomeReporter.generateReportsFor(JUnitXMLOutcomeReporter.java:41)
	at net.thucydides.core.reports.ReportService.generateJUnitTestResults(ReportService.java:202)
	at net.thucydides.core.reports.ReportService.generateReportsFor(ReportService.java:187)
	at net.thucydides.core.reports.ReportService.generateReportsFor(ReportService.java:135)
	at cucumber.runtime.formatter.SerenityReporter.generateReports(SerenityReporter.java:856)
	at cucumber.runtime.formatter.SerenityReporter.finishExample(SerenityReporter.java:669)
	at cucumber.runtime.formatter.SerenityReporter.handleTestCaseFinished(SerenityReporter.java:246)
	at cucumber.runtime.formatter.SerenityReporter.lambda$new$2(SerenityReporter.java:113)
	at cucumber.runner.EventBus.send(EventBus.java:28)
	at cucumber.api.TestCase.run(TestCase.java:65)
	at cucumber.runner.Runner.runPickle(Runner.java:80)
	at cucumber.runtime.junit.PickleRunners$NoStepDescriptions.run(PickleRunners.java:140)
	at cucumber.runtime.junit.FeatureRunner.runChild(FeatureRunner.java:68)
	at cucumber.runtime.junit.FeatureRunner.runChild(FeatureRunner.java:23)
	at org.junit.runners.ParentRunner$3.run(ParentRunner.java:290)
	at org.junit.runners.ParentRunner$1.schedule(ParentRunner.java:71)
	at org.junit.runners.ParentRunner.runChildren(ParentRunner.java:288)
	at org.junit.runners.ParentRunner.access$000(ParentRunner.java:58)
	at org.junit.runners.ParentRunner$2.evaluate(ParentRunner.java:268)
	at org.junit.runners.ParentRunner.run(ParentRunner.java:363)
	at cucumber.runtime.junit.FeatureRunner.run(FeatureRunner.java:73)
	at cucumber.api.junit.Cucumber.runChild(Cucumber.java:117)
	at cucumber.api.junit.Cucumber.runChild(Cucumber.java:55)
	at org.junit.runners.ParentRunner$3.run(ParentRunner.java:290)
	at org.junit.runners.ParentRunner$1.schedule(ParentRunner.java:71)
	at org.junit.runners.ParentRunner.runChildren(ParentRunner.java:288)
	at org.junit.runners.ParentRunner.access$000(ParentRunner.java:58)
	at org.junit.runners.ParentRunner$2.evaluate(ParentRunner.java:268)
	at cucumber.api.junit.Cucumber$1.evaluate(Cucumber.java:126)
	at org.junit.runners.ParentRunner.run(ParentRunner.java:363)
	at org.gradle.api.internal.tasks.testing.junit.JUnitTestClassExecutor.runTestClass(JUnitTestClassExecutor.java:106)
	at org.gradle.api.internal.tasks.testing.junit.JUnitTestClassExecutor.execute(JUnitTestClassExecutor.java:58)
	at org.gradle.api.internal.tasks.testing.junit.JUnitTestClassExecutor.execute(JUnitTestClassExecutor.java:38)
	at org.gradle.api.internal.tasks.testing.junit.AbstractJUnitTestClassProcessor.processTestClass(AbstractJUnitTestClassProcessor.java:66)
	at org.gradle.api.internal.tasks.testing.SuiteTestClassProcessor.processTestClass(SuiteTestClassProcessor.java:51)
	at sun.reflect.NativeMethodAccessorImpl.invoke0(Native Method)
	at sun.reflect.NativeMethodAccessorImpl.invoke(NativeMethodAccessorImpl.java:62)
	at sun.reflect.DelegatingMethodAccessorImpl.invoke(DelegatingMethodAccessorImpl.java:43)
	at java.lang.reflect.Method.invoke(Method.java:498)
	at org.gradle.internal.dispatch.ReflectionDispatch.dispatch(ReflectionDispatch.java:35)
	at org.gradle.internal.dispatch.ReflectionDispatch.dispatch(ReflectionDispatch.java:24)
	at org.gradle.internal.dispatch.ContextClassLoaderDispatch.dispatch(ContextClassLoaderDispatch.java:32)
	at org.gradle.internal.dispatch.ProxyDispatchAdapter$DispatchingInvocationHandler.invoke(ProxyDispatchAdapter.java:93)
	at com.sun.proxy.$Proxy2.processTestClass(Unknown Source)
	at org.gradle.api.internal.tasks.testing.worker.TestWorker.processTestClass(TestWorker.java:117)
	at sun.reflect.NativeMethodAccessorImpl.invoke0(Native Method)
	at sun.reflect.NativeMethodAccessorImpl.invoke(NativeMethodAccessorImpl.java:62)
	at sun.reflect.DelegatingMethodAccessorImpl.invoke(DelegatingMethodAccessorImpl.java:43)
	at java.lang.reflect.Method.invoke(Method.java:498)
	at org.gradle.internal.dispatch.ReflectionDispatch.dispatch(ReflectionDispatch.java:35)
	at org.gradle.internal.dispatch.ReflectionDispatch.dispatch(ReflectionDispatch.java:24)
	at org.gradle.internal.remote.internal.hub.MessageHubBackedObjectConnection$DispatchWrapper.dispatch(MessageHubBackedObjectConnection.java:155)
	at org.gradle.internal.remote.internal.hub.MessageHubBackedObjectConnection$DispatchWrapper.dispatch(MessageHubBackedObjectConnection.java:137)
	at org.gradle.internal.remote.internal.hub.MessageHub$Handler.run(MessageHub.java:404)
	at org.gradle.internal.concurrent.ExecutorPolicy$CatchAndRecordFailures.onExecute(ExecutorPolicy.java:63)
	at org.gradle.internal.concurrent.ManagedExecutorImpl$1.run(ManagedExecutorImpl.java:46)
	at java.util.concurrent.ThreadPoolExecutor.runWorker(ThreadPoolExecutor.java:1149)
	at java.util.concurrent.ThreadPoolExecutor$Worker.run(ThreadPoolExecutor.java:624)
	at org.gradle.internal.concurrent.ThreadFactoryImpl$ManagedThreadRunnable.run(ThreadFactoryImpl.java:55)
	at java.lang.Thread.run(Thread.java:748)
]]></system-err>
</testsuite>
